{"C:\\Users\\USER\\Documents\\CODE\\projects\\astro-typed-routes\\src\\path.ts": {"path":"C:\\Users\\USER\\Documents\\CODE\\projects\\astro-typed-routes\\src\\path.ts","statementMap":{"0":{"start":{"line":37,"column":13},"end":{"line":37,"column":null}},"1":{"start":{"line":39,"column":2},"end":{"line":43,"column":null}},"2":{"start":{"line":40,"column":4},"end":{"line":42,"column":null}},"3":{"start":{"line":41,"column":6},"end":{"line":41,"column":null}},"4":{"start":{"line":45,"column":2},"end":{"line":47,"column":null}},"5":{"start":{"line":46,"column":4},"end":{"line":46,"column":null}},"6":{"start":{"line":49,"column":2},"end":{"line":52,"column":null}},"7":{"start":{"line":50,"column":25},"end":{"line":50,"column":null}},"8":{"start":{"line":51,"column":4},"end":{"line":51,"column":null}},"9":{"start":{"line":54,"column":2},"end":{"line":56,"column":null}},"10":{"start":{"line":55,"column":4},"end":{"line":55,"column":null}},"11":{"start":{"line":58,"column":2},"end":{"line":58,"column":null}}},"fnMap":{"0":{"name":"$path","decl":{"start":{"line":36,"column":16},"end":{"line":36,"column":22}},"loc":{"start":{"line":36,"column":50},"end":{"line":59,"column":null}},"line":36}},"branchMap":{"0":{"loc":{"start":{"line":39,"column":2},"end":{"line":43,"column":null}},"type":"if","locations":[{"start":{"line":39,"column":2},"end":{"line":43,"column":null}},{"start":{},"end":{}}],"line":39},"1":{"loc":{"start":{"line":45,"column":2},"end":{"line":47,"column":null}},"type":"if","locations":[{"start":{"line":45,"column":2},"end":{"line":47,"column":null}},{"start":{},"end":{}}],"line":45},"2":{"loc":{"start":{"line":49,"column":2},"end":{"line":52,"column":null}},"type":"if","locations":[{"start":{"line":49,"column":2},"end":{"line":52,"column":null}},{"start":{},"end":{}}],"line":49},"3":{"loc":{"start":{"line":49,"column":6},"end":{"line":49,"column":58}},"type":"binary-expr","locations":[{"start":{"line":49,"column":6},"end":{"line":49,"column":21}},{"start":{"line":49,"column":21},"end":{"line":49,"column":58}}],"line":49},"4":{"loc":{"start":{"line":54,"column":2},"end":{"line":56,"column":null}},"type":"if","locations":[{"start":{"line":54,"column":2},"end":{"line":56,"column":null}},{"start":{},"end":{}}],"line":54}},"s":{"0":9,"1":9,"2":3,"3":4,"4":9,"5":2,"6":9,"7":2,"8":2,"9":9,"10":2,"11":9},"f":{"0":9},"b":{"0":[3,6],"1":[2,7],"2":[2,7],"3":[9,3],"4":[2,7]},"meta":{"lastBranch":5,"lastFunction":1,"lastStatement":12,"seen":{"f:36:16:36:22":0,"s:37:13:37:Infinity":0,"b:39:2:43:Infinity:undefined:undefined:undefined:undefined":0,"s:39:2:43:Infinity":1,"s:40:4:42:Infinity":2,"s:41:6:41:Infinity":3,"b:45:2:47:Infinity:undefined:undefined:undefined:undefined":1,"s:45:2:47:Infinity":4,"s:46:4:46:Infinity":5,"b:49:2:52:Infinity:undefined:undefined:undefined:undefined":2,"s:49:2:52:Infinity":6,"b:49:6:49:21:49:21:49:58":3,"s:50:25:50:Infinity":7,"s:51:4:51:Infinity":8,"b:54:2:56:Infinity:undefined:undefined:undefined:undefined":4,"s:54:2:56:Infinity":9,"s:55:4:55:Infinity":10,"s:58:2:58:Infinity":11}}}
}
